c:\users\toiwd\onedrive\ドキュメント\01_オンライン授業\at13b\gm31\12_c_astar\debug\vc141.pdb
c:\users\toiwd\onedrive\ドキュメント\01_オンライン授業\at13b\gm31\12_c_astar\debug\vc141.idb
c:\users\toiwd\onedrive\ドキュメント\01_オンライン授業\at13b\gm31\12_c_astar\debug\bullet.obj
c:\users\toiwd\onedrive\ドキュメント\01_オンライン授業\at13b\gm31\12_c_astar\debug\bombsplash.obj
c:\users\toiwd\onedrive\ドキュメント\01_オンライン授業\at13b\gm31\12_c_astar\debug\shotjudgment.obj
c:\users\toiwd\onedrive\ドキュメント\01_オンライン授業\at13b\gm31\12_c_astar\debug\resultlogo3d.obj
c:\users\toiwd\onedrive\ドキュメント\01_オンライン授業\at13b\gm31\12_c_astar\debug\hpbar.obj
c:\users\toiwd\onedrive\ドキュメント\01_オンライン授業\at13b\gm31\12_c_astar\debug\enemysecondbullet.obj
c:\users\toiwd\onedrive\ドキュメント\01_オンライン授業\at13b\gm31\12_c_astar\debug\enemyhpbar.obj
c:\users\toiwd\onedrive\ドキュメント\01_オンライン授業\at13b\gm31\12_c_astar\debug\enemybombsplash.obj
c:\users\toiwd\onedrive\ドキュメント\01_オンライン授業\at13b\gm31\12_c_astar\debug\enemybomb.obj
c:\users\toiwd\onedrive\ドキュメント\01_オンライン授業\at13b\gm31\12_c_astar\debug\pathfinderaction.obj
c:\users\toiwd\onedrive\ドキュメント\01_オンライン授業\at13b\gm31\12_c_astar\debug\bombaction.obj
c:\users\toiwd\onedrive\ドキュメント\01_オンライン授業\at13b\gm31\12_c_astar\debug\bomb.obj
c:\users\toiwd\onedrive\ドキュメント\01_オンライン授業\at13b\gm31\12_c_astar\debug\block.obj
c:\users\toiwd\onedrive\ドキュメント\01_オンライン授業\at13b\gm31\12_c_astar\debug\behaviortree.obj
c:\users\toiwd\onedrive\ドキュメント\01_オンライン授業\at13b\gm31\12_c_astar\debug\behaviordata.obj
c:\users\toiwd\onedrive\ドキュメント\01_オンライン授業\at13b\gm31\12_c_astar\debug\audio.obj
c:\users\toiwd\onedrive\ドキュメント\01_オンライン授業\at13b\gm31\12_c_astar\debug\attackjudgment.obj
c:\users\toiwd\onedrive\ドキュメント\01_オンライン授業\at13b\gm31\12_c_astar\debug\astar.obj
c:\users\toiwd\onedrive\ドキュメント\01_オンライン授業\at13b\gm31\12_c_astar\debug\animationmodel.obj
c:\users\toiwd\onedrive\ドキュメント\01_オンライン授業\at13b\gm31\12_c_astar\debug\main.obj
c:\users\toiwd\onedrive\ドキュメント\01_オンライン授業\at13b\gm31\12_c_astar\debug\input.obj
c:\users\toiwd\onedrive\ドキュメント\01_オンライン授業\at13b\gm31\12_c_astar\debug\inkintank.obj
c:\users\toiwd\onedrive\ドキュメント\01_オンライン授業\at13b\gm31\12_c_astar\debug\ink.obj
c:\users\toiwd\onedrive\ドキュメント\01_オンライン授業\at13b\gm31\12_c_astar\debug\game.obj
c:\users\toiwd\onedrive\ドキュメント\01_オンライン授業\at13b\gm31\12_c_astar\debug\field.obj
c:\users\toiwd\onedrive\ドキュメント\01_オンライン授業\at13b\gm31\12_c_astar\debug\fade.obj
c:\users\toiwd\onedrive\ドキュメント\01_オンライン授業\at13b\gm31\12_c_astar\debug\explosion.obj
c:\users\toiwd\onedrive\ドキュメント\01_オンライン授業\at13b\gm31\12_c_astar\debug\enemyink.obj
c:\users\toiwd\onedrive\ドキュメント\01_オンライン授業\at13b\gm31\12_c_astar\debug\enemybullet.obj
c:\users\toiwd\onedrive\ドキュメント\01_オンライン授業\at13b\gm31\12_c_astar\debug\enemy.obj
c:\users\toiwd\onedrive\ドキュメント\01_オンライン授業\at13b\gm31\12_c_astar\debug\divejudgment.obj
c:\users\toiwd\onedrive\ドキュメント\01_オンライン授業\at13b\gm31\12_c_astar\debug\diveaction.obj
c:\users\toiwd\onedrive\ドキュメント\01_オンライン授業\at13b\gm31\12_c_astar\debug\crosshair.obj
c:\users\toiwd\onedrive\ドキュメント\01_オンライン授業\at13b\gm31\12_c_astar\debug\chasejudgment.obj
c:\users\toiwd\onedrive\ドキュメント\01_オンライン授業\at13b\gm31\12_c_astar\debug\walkchaseaction.obj
c:\users\toiwd\onedrive\ドキュメント\01_オンライン授業\at13b\gm31\12_c_astar\debug\walkjudgment.obj
c:\users\toiwd\onedrive\ドキュメント\01_オンライン授業\at13b\gm31\12_c_astar\debug\titlelogo3d.obj
c:\users\toiwd\onedrive\ドキュメント\01_オンライン授業\at13b\gm31\12_c_astar\debug\titlecamera.obj
c:\users\toiwd\onedrive\ドキュメント\01_オンライン授業\at13b\gm31\12_c_astar\debug\camera.obj
c:\users\toiwd\onedrive\ドキュメント\01_オンライン授業\at13b\gm31\12_c_astar\debug\titlelogo.obj
c:\users\toiwd\onedrive\ドキュメント\01_オンライン授業\at13b\gm31\12_c_astar\debug\title.obj
c:\users\toiwd\onedrive\ドキュメント\01_オンライン授業\at13b\gm31\12_c_astar\debug\tank.obj
c:\users\toiwd\onedrive\ドキュメント\01_オンライン授業\at13b\gm31\12_c_astar\debug\sky.obj
c:\users\toiwd\onedrive\ドキュメント\01_オンライン授業\at13b\gm31\12_c_astar\debug\secondbullet.obj
c:\users\toiwd\onedrive\ドキュメント\01_オンライン授業\at13b\gm31\12_c_astar\debug\resultlogo.obj
c:\users\toiwd\onedrive\ドキュメント\01_オンライン授業\at13b\gm31\12_c_astar\debug\result.obj
c:\users\toiwd\onedrive\ドキュメント\01_オンライン授業\at13b\gm31\12_c_astar\debug\renderer.obj
c:\users\toiwd\onedrive\ドキュメント\01_オンライン授業\at13b\gm31\12_c_astar\debug\polygon2d.obj
c:\users\toiwd\onedrive\ドキュメント\01_オンライン授業\at13b\gm31\12_c_astar\debug\player.obj
c:\users\toiwd\onedrive\ドキュメント\01_オンライン授業\at13b\gm31\12_c_astar\debug\shotaction.obj
c:\users\toiwd\onedrive\ドキュメント\01_オンライン授業\at13b\gm31\12_c_astar\debug\optionui.obj
c:\users\toiwd\onedrive\ドキュメント\01_オンライン授業\at13b\gm31\12_c_astar\debug\optionframe.obj
c:\users\toiwd\onedrive\ドキュメント\01_オンライン授業\at13b\gm31\12_c_astar\debug\optionbar.obj
c:\users\toiwd\onedrive\ドキュメント\01_オンライン授業\at13b\gm31\12_c_astar\debug\option.obj
c:\users\toiwd\onedrive\ドキュメント\01_オンライン授業\at13b\gm31\12_c_astar\debug\nodebase.obj
c:\users\toiwd\onedrive\ドキュメント\01_オンライン授業\at13b\gm31\12_c_astar\debug\mouse.obj
c:\users\toiwd\onedrive\ドキュメント\01_オンライン授業\at13b\gm31\12_c_astar\debug\model.obj
c:\users\toiwd\onedrive\ドキュメント\01_オンライン授業\at13b\gm31\12_c_astar\debug\meshfield.obj
c:\users\toiwd\onedrive\ドキュメント\01_オンライン授業\at13b\gm31\12_c_astar\debug\manager.obj
c:\users\toiwd\onedrive\ドキュメント\01_オンライン授業\at13b\gm31\12_c_astar\debug\wall.obj
c:\users\toiwd\onedrive\ドキュメント\01_オンライン授業\at13b\gm31\12_c_astar\debug\waitjudgment.obj
c:\users\toiwd\onedrive\ドキュメント\01_オンライン授業\at13b\gm31\12_c_astar\debug\waitaction.obj
c:\users\toiwd\onedrive\ドキュメント\01_オンライン授業\at13b\gm31\12_c_astar\debug\inputbehavior.obj
c:\users\toiwd\onedrive\ドキュメント\01_オンライン授業\at13b\gm31\12_c_astar\envmappingps.cso
c:\users\toiwd\onedrive\ドキュメント\01_オンライン授業\at13b\gm31\12_c_astar\envmappingps2.cso
c:\users\toiwd\onedrive\ドキュメント\01_オンライン授業\at13b\gm31\12_c_astar\envmappingvs.cso
c:\users\toiwd\onedrive\ドキュメント\01_オンライン授業\at13b\gm31\12_c_astar\normalmappingps.cso
c:\users\toiwd\onedrive\ドキュメント\01_オンライン授業\at13b\gm31\12_c_astar\normalmappingvs.cso
c:\users\toiwd\onedrive\ドキュメント\01_オンライン授業\at13b\gm31\12_c_astar\pixellightingblinnps.cso
c:\users\toiwd\onedrive\ドキュメント\01_オンライン授業\at13b\gm31\12_c_astar\pixellightingblinnvs.cso
c:\users\toiwd\onedrive\ドキュメント\01_オンライン授業\at13b\gm31\12_c_astar\pixellightingps.cso
c:\users\toiwd\onedrive\ドキュメント\01_オンライン授業\at13b\gm31\12_c_astar\pixellightingrimps.cso
c:\users\toiwd\onedrive\ドキュメント\01_オンライン授業\at13b\gm31\12_c_astar\pixellightingrimvs.cso
c:\users\toiwd\onedrive\ドキュメント\01_オンライン授業\at13b\gm31\12_c_astar\pixellightingvs.cso
c:\users\toiwd\onedrive\ドキュメント\01_オンライン授業\at13b\gm31\12_c_astar\unlitcolorps.cso
c:\users\toiwd\onedrive\ドキュメント\01_オンライン授業\at13b\gm31\12_c_astar\unlitcolorvs.cso
c:\users\toiwd\onedrive\ドキュメント\01_オンライン授業\at13b\gm31\12_c_astar\unlittextureps.cso
c:\users\toiwd\onedrive\ドキュメント\01_オンライン授業\at13b\gm31\12_c_astar\unlittexturevs.cso
c:\users\toiwd\onedrive\ドキュメント\01_オンライン授業\at13b\gm31\12_c_astar\vertexlightingps.cso
c:\users\toiwd\onedrive\ドキュメント\01_オンライン授業\at13b\gm31\12_c_astar\vertexlightingvs.cso
c:\users\toiwd\onedrive\ドキュメント\01_オンライン授業\at13b\gm31\12_c_astar\debug\gamewindow.ilk
c:\users\toiwd\onedrive\ドキュメント\01_オンライン授業\at13b\gm31\12_c_astar\debug\gamewindow.exe
c:\users\toiwd\onedrive\ドキュメント\01_オンライン授業\at13b\gm31\12_c_astar\debug\gamewindow.pdb
c:\users\toiwd\onedrive\ドキュメント\01_オンライン授業\at13b\gm31\12_c_astar\debug\gamewindow.tlog\cl.command.1.tlog
c:\users\toiwd\onedrive\ドキュメント\01_オンライン授業\at13b\gm31\12_c_astar\debug\gamewindow.tlog\cl.read.1.tlog
c:\users\toiwd\onedrive\ドキュメント\01_オンライン授業\at13b\gm31\12_c_astar\debug\gamewindow.tlog\cl.write.1.tlog
c:\users\toiwd\onedrive\ドキュメント\01_オンライン授業\at13b\gm31\12_c_astar\debug\gamewindow.tlog\fxc.command.1.tlog
c:\users\toiwd\onedrive\ドキュメント\01_オンライン授業\at13b\gm31\12_c_astar\debug\gamewindow.tlog\fxc.read.1.tlog
c:\users\toiwd\onedrive\ドキュメント\01_オンライン授業\at13b\gm31\12_c_astar\debug\gamewindow.tlog\fxc.write.1.tlog
c:\users\toiwd\onedrive\ドキュメント\01_オンライン授業\at13b\gm31\12_c_astar\debug\gamewindow.tlog\link.command.1.tlog
c:\users\toiwd\onedrive\ドキュメント\01_オンライン授業\at13b\gm31\12_c_astar\debug\gamewindow.tlog\link.read.1.tlog
c:\users\toiwd\onedrive\ドキュメント\01_オンライン授業\at13b\gm31\12_c_astar\debug\gamewindow.tlog\link.write.1.tlog
