c:\users\shioc\desktop\授業\yohei\dx_2020.10.30\dx_2020.06.17\x64\debug\vc141.pdb
c:\users\shioc\desktop\授業\yohei\dx_2020.10.30\dx_2020.06.17\x64\debug\vc141.idb
c:\users\shioc\desktop\授業\yohei\dx_2020.10.30\dx_2020.06.17\x64\debug\title.obj
c:\users\shioc\desktop\授業\yohei\dx_2020.10.30\dx_2020.06.17\x64\debug\system_timer.obj
c:\users\shioc\desktop\授業\yohei\dx_2020.10.30\dx_2020.06.17\x64\debug\sprite.obj
c:\users\shioc\desktop\授業\yohei\dx_2020.10.30\dx_2020.06.17\x64\debug\scene.obj
c:\users\shioc\desktop\授業\yohei\dx_2020.10.30\dx_2020.06.17\x64\debug\result.obj
c:\users\shioc\desktop\授業\yohei\dx_2020.10.30\dx_2020.06.17\x64\debug\keylogger.obj
c:\users\shioc\desktop\授業\yohei\dx_2020.10.30\dx_2020.06.17\x64\debug\keyboard.obj
c:\users\shioc\desktop\授業\yohei\dx_2020.10.30\dx_2020.06.17\x64\debug\grid.obj
c:\users\shioc\desktop\授業\yohei\dx_2020.10.30\dx_2020.06.17\x64\debug\fade.obj
c:\users\shioc\desktop\授業\yohei\dx_2020.10.30\dx_2020.06.17\x64\debug\debug_primitive.obj
c:\users\shioc\desktop\授業\yohei\dx_2020.10.30\dx_2020.06.17\x64\debug\cube.obj
c:\users\shioc\desktop\授業\yohei\dx_2020.10.30\dx_2020.06.17\x64\debug\collision.obj
c:\users\shioc\desktop\授業\yohei\dx_2020.10.30\dx_2020.06.17\x64\debug\camera.obj
c:\users\shioc\desktop\授業\yohei\dx_2020.11.10\dx_2020.06.17\x64\debug\vc141.pdb
c:\users\shioc\desktop\授業\yohei\dx_2020.11.10\dx_2020.06.17\x64\debug\vc141.idb
c:\users\shioc\desktop\授業\yohei\dx_2020.11.10\dx_2020.06.17\x64\debug\title.obj
c:\users\shioc\desktop\授業\yohei\dx_2020.11.10\dx_2020.06.17\x64\debug\system_timer.obj
c:\users\shioc\desktop\授業\yohei\dx_2020.11.10\dx_2020.06.17\x64\debug\sprite.obj
c:\users\shioc\desktop\授業\yohei\dx_2020.11.10\dx_2020.06.17\x64\debug\scene.obj
c:\users\shioc\desktop\授業\yohei\dx_2020.11.10\dx_2020.06.17\x64\debug\result.obj
c:\users\shioc\desktop\授業\yohei\dx_2020.11.10\dx_2020.06.17\x64\debug\keylogger.obj
c:\users\shioc\desktop\授業\yohei\dx_2020.11.10\dx_2020.06.17\x64\debug\keyboard.obj
c:\users\shioc\desktop\授業\yohei\dx_2020.11.10\dx_2020.06.17\x64\debug\grid.obj
c:\users\shioc\desktop\授業\yohei\dx_2020.11.10\dx_2020.06.17\x64\debug\fade.obj
c:\users\shioc\desktop\授業\yohei\dx_2020.11.10\dx_2020.06.17\x64\debug\debug_primitive.obj
c:\users\shioc\desktop\授業\yohei\dx_2020.11.10\dx_2020.06.17\x64\debug\collision.obj
c:\users\shioc\desktop\授業\yohei\dx_2020.11.10\dx_2020.06.17\x64\debug\camera.obj
c:\users\shioc\desktop\授業\yohei\dx_2020.11.13\dx_2020.06.17\x64\debug\vc141.pdb
c:\users\shioc\desktop\授業\yohei\dx_2020.11.13\dx_2020.06.17\x64\debug\vc141.idb
c:\users\shioc\desktop\授業\yohei\dx_2020.11.13\dx_2020.06.17\x64\debug\title.obj
c:\users\shioc\desktop\授業\yohei\dx_2020.11.13\dx_2020.06.17\x64\debug\system_timer.obj
c:\users\shioc\desktop\授業\yohei\dx_2020.11.13\dx_2020.06.17\x64\debug\sprite.obj
c:\users\shioc\desktop\授業\yohei\dx_2020.11.13\dx_2020.06.17\x64\debug\scene.obj
c:\users\shioc\desktop\授業\yohei\dx_2020.11.13\dx_2020.06.17\x64\debug\result.obj
c:\users\shioc\desktop\授業\yohei\dx_2020.11.13\dx_2020.06.17\x64\debug\keylogger.obj
c:\users\shioc\desktop\授業\yohei\dx_2020.11.13\dx_2020.06.17\x64\debug\keyboard.obj
c:\users\shioc\desktop\授業\yohei\dx_2020.11.13\dx_2020.06.17\x64\debug\grid.obj
c:\users\shioc\desktop\授業\yohei\dx_2020.11.13\dx_2020.06.17\x64\debug\fade.obj
c:\users\shioc\desktop\授業\yohei\dx_2020.11.13\dx_2020.06.17\x64\debug\debug_primitive.obj
c:\users\shioc\desktop\授業\yohei\dx_2020.11.13\dx_2020.06.17\x64\debug\collision.obj
c:\users\shioc\desktop\授業\yohei\dx_2020.11.13\dx_2020.06.17\x64\debug\camera.obj
c:\users\shioc\desktop\授業\yohei\dx_2020.11.17\dx_2020.06.17\x64\debug\vc141.pdb
c:\users\shioc\desktop\授業\yohei\dx_2020.11.17\dx_2020.06.17\x64\debug\vc141.idb
c:\users\shioc\desktop\授業\yohei\dx_2020.11.17\dx_2020.06.17\x64\debug\system_timer.obj
c:\users\shioc\desktop\授業\yohei\dx_2020.11.17\dx_2020.06.17\x64\debug\sprite.obj
c:\users\shioc\desktop\授業\yohei\dx_2020.11.17\dx_2020.06.17\x64\debug\scene.obj
c:\users\shioc\desktop\授業\yohei\dx_2020.11.17\dx_2020.06.17\x64\debug\result.obj
c:\users\shioc\desktop\授業\yohei\dx_2020.11.17\dx_2020.06.17\x64\debug\light.obj
c:\users\shioc\desktop\授業\yohei\dx_2020.11.17\dx_2020.06.17\x64\debug\keylogger.obj
c:\users\shioc\desktop\授業\yohei\dx_2020.11.17\dx_2020.06.17\x64\debug\keyboard.obj
c:\users\shioc\desktop\授業\yohei\dx_2020.11.17\dx_2020.06.17\x64\debug\grid.obj
c:\users\shioc\desktop\授業\yohei\dx_2020.11.17\dx_2020.06.17\x64\debug\fade.obj
c:\users\shioc\desktop\授業\yohei\dx_2020.11.17\dx_2020.06.17\x64\debug\debug_primitive.obj
c:\users\shioc\desktop\授業\yohei\dx_2020.11.17\dx_2020.06.17\x64\debug\cube.obj
c:\users\shioc\desktop\授業\yohei\dx_2020.11.17\dx_2020.06.17\x64\debug\collision.obj
c:\users\shioc\desktop\授業\yohei\dx_2020.11.17\dx_2020.06.17\x64\debug\camera.obj
c:\users\shioc\desktop\授業\yohei\dx_2020.11.17\dx_2020.06.17\x64\debug\title.obj
c:\users\toiwd\onedrive\デスクトップ\dx_2020.11.17\dx_2020.06.17\x64\debug\vc141.pdb
c:\users\toiwd\onedrive\デスクトップ\dx_2020.11.17\dx_2020.06.17\x64\debug\vc141.idb
c:\users\toiwd\onedrive\デスクトップ\dx_2020.11.17\dx_2020.06.17\x64\debug\system_timer.obj
c:\users\toiwd\onedrive\デスクトップ\dx_2020.11.17\dx_2020.06.17\x64\debug\sprite.obj
c:\users\toiwd\onedrive\デスクトップ\dx_2020.11.17\dx_2020.06.17\x64\debug\scene.obj
c:\users\toiwd\onedrive\デスクトップ\dx_2020.11.17\dx_2020.06.17\x64\debug\result.obj
c:\users\toiwd\onedrive\デスクトップ\dx_2020.11.17\dx_2020.06.17\x64\debug\meshfield.obj
c:\users\toiwd\onedrive\デスクトップ\dx_2020.11.17\dx_2020.06.17\x64\debug\light.obj
c:\users\toiwd\onedrive\デスクトップ\dx_2020.11.17\dx_2020.06.17\x64\debug\keylogger.obj
c:\users\toiwd\onedrive\デスクトップ\dx_2020.11.17\dx_2020.06.17\x64\debug\keyboard.obj
c:\users\toiwd\onedrive\デスクトップ\dx_2020.11.17\dx_2020.06.17\x64\debug\grid.obj
c:\users\toiwd\onedrive\デスクトップ\dx_2020.11.17\dx_2020.06.17\x64\debug\fade.obj
c:\users\toiwd\onedrive\デスクトップ\dx_2020.11.17\dx_2020.06.17\x64\debug\debug_primitive.obj
c:\users\toiwd\onedrive\デスクトップ\dx_2020.11.17\dx_2020.06.17\x64\debug\cube.obj
c:\users\toiwd\onedrive\デスクトップ\dx_2020.11.17\dx_2020.06.17\x64\debug\collision.obj
c:\users\toiwd\onedrive\デスクトップ\dx_2020.11.17\dx_2020.06.17\x64\debug\camera.obj
c:\users\toiwd\onedrive\デスクトップ\dx_2020.11.17\dx_2020.06.17\x64\debug\title.obj
c:\users\shioc\desktop\dx_meshfield\dx_2020.06.17\x64\debug\vc141.pdb
c:\users\shioc\desktop\dx_meshfield\dx_2020.06.17\x64\debug\vc141.idb
c:\users\shioc\desktop\dx_meshfield\dx_2020.06.17\x64\debug\system_timer.obj
c:\users\shioc\desktop\dx_meshfield\dx_2020.06.17\x64\debug\sprite.obj
c:\users\shioc\desktop\dx_meshfield\dx_2020.06.17\x64\debug\scene.obj
c:\users\shioc\desktop\dx_meshfield\dx_2020.06.17\x64\debug\result.obj
c:\users\shioc\desktop\dx_meshfield\dx_2020.06.17\x64\debug\meshfield.obj
c:\users\shioc\desktop\dx_meshfield\dx_2020.06.17\x64\debug\light.obj
c:\users\shioc\desktop\dx_meshfield\dx_2020.06.17\x64\debug\keylogger.obj
c:\users\shioc\desktop\dx_meshfield\dx_2020.06.17\x64\debug\keyboard.obj
c:\users\shioc\desktop\dx_meshfield\dx_2020.06.17\x64\debug\grid.obj
c:\users\shioc\desktop\dx_meshfield\dx_2020.06.17\x64\debug\fade.obj
c:\users\shioc\desktop\dx_meshfield\dx_2020.06.17\x64\debug\debug_primitive.obj
c:\users\shioc\desktop\dx_meshfield\dx_2020.06.17\x64\debug\cube.obj
c:\users\shioc\desktop\dx_meshfield\dx_2020.06.17\x64\debug\collision.obj
c:\users\shioc\desktop\dx_meshfield\dx_2020.06.17\x64\debug\camera.obj
c:\users\shioc\desktop\dx_meshfield\dx_2020.06.17\x64\debug\title.obj
c:\users\toiwd\onedrive\デスクトップ\dx_meshfield_編集済\dx_2020.06.17\x64\debug\vc141.pdb
c:\users\toiwd\onedrive\デスクトップ\dx_meshfield_編集済\dx_2020.06.17\x64\debug\vc141.idb
c:\users\toiwd\onedrive\デスクトップ\dx_2020.06.17\x64\debug\vc141.pdb
c:\users\toiwd\onedrive\デスクトップ\dx_2020.06.17\x64\debug\vc141.idb
c:\users\toiwd\onedrive\デスクトップ\dx_2020.06.17\x64\debug\mouse.obj
c:\users\toiwd\onedrive\デスクトップ\dx_2020.06.17\x64\debug\meshfield.obj
c:\users\toiwd\onedrive\デスクトップ\dx_2020.06.17\x64\debug\keyrecord.obj
c:\users\toiwd\onedrive\デスクトップ\dx_2020.06.17\x64\debug\keyboard.obj
c:\users\toiwd\onedrive\デスクトップ\dx_2020.06.17\x64\debug\grid.obj
c:\users\toiwd\onedrive\デスクトップ\dx_2020.06.17\x64\debug\explosion.obj
c:\users\toiwd\onedrive\デスクトップ\dx_2020.06.17\x64\debug\enemy.obj
c:\users\toiwd\onedrive\デスクトップ\dx_2020.06.17\x64\debug\debug_font.obj
c:\users\toiwd\onedrive\デスクトップ\dx_2020.06.17\x64\debug\cube.obj
c:\users\toiwd\onedrive\デスクトップ\dx_2020.06.17\x64\debug\collision.obj
c:\users\toiwd\onedrive\デスクトップ\dx_2020.06.17\x64\debug\camera.obj
c:\users\toiwd\onedrive\デスクトップ\dx_2020.06.17\x64\debug\bullet.obj
c:\users\toiwd\onedrive\デスクトップ\dx_2020.06.17\x64\debug\billboard.obj
c:\users\toiwd\onedrive\デスクトップ\dx_2020.06.17\x64\debug\bg.obj
c:\users\toiwd\onedrive\デスクトップ\dx_2020.06.17\x64\debug\system_timer.obj
c:\users\toiwd\onedrive\デスクトップ\dx_2020.06.17\x64\debug\shadow.obj
c:\users\toiwd\onedrive\ドキュメント\01_オンライン授業\at13b\gm31\05_3dmodel\x64\debug\bg.obj
c:\users\toiwd\onedrive\ドキュメント\01_オンライン授業\at13b\gm31\05_3dmodel\x64\debug\billboard.obj
c:\users\toiwd\onedrive\ドキュメント\01_オンライン授業\at13b\gm31\05_3dmodel\x64\debug\bullet.obj
c:\users\toiwd\onedrive\ドキュメント\01_オンライン授業\at13b\gm31\05_3dmodel\x64\debug\camera.obj
c:\users\toiwd\onedrive\ドキュメント\01_オンライン授業\at13b\gm31\05_3dmodel\x64\debug\collision.obj
c:\users\toiwd\onedrive\ドキュメント\01_オンライン授業\at13b\gm31\05_3dmodel\x64\debug\cube.obj
c:\users\toiwd\onedrive\ドキュメント\01_オンライン授業\at13b\gm31\05_3dmodel\x64\debug\debug_font.obj
c:\users\toiwd\onedrive\ドキュメント\01_オンライン授業\at13b\gm31\05_3dmodel\x64\debug\debug_primitive.obj
c:\users\toiwd\onedrive\ドキュメント\01_オンライン授業\at13b\gm31\05_3dmodel\x64\debug\enemy.obj
c:\users\toiwd\onedrive\ドキュメント\01_オンライン授業\at13b\gm31\05_3dmodel\x64\debug\explosion.obj
c:\users\toiwd\onedrive\ドキュメント\01_オンライン授業\at13b\gm31\05_3dmodel\x64\debug\fade.obj
c:\users\toiwd\onedrive\ドキュメント\01_オンライン授業\at13b\gm31\05_3dmodel\x64\debug\grid.obj
c:\users\toiwd\onedrive\ドキュメント\01_オンライン授業\at13b\gm31\05_3dmodel\x64\debug\keyboard.obj
c:\users\toiwd\onedrive\ドキュメント\01_オンライン授業\at13b\gm31\05_3dmodel\x64\debug\keylogger.obj
c:\users\toiwd\onedrive\ドキュメント\01_オンライン授業\at13b\gm31\05_3dmodel\x64\debug\keyrecord.obj
c:\users\toiwd\onedrive\ドキュメント\01_オンライン授業\at13b\gm31\05_3dmodel\x64\debug\light.obj
c:\users\toiwd\onedrive\ドキュメント\01_オンライン授業\at13b\gm31\05_3dmodel\x64\debug\meshfield.obj
c:\users\toiwd\onedrive\ドキュメント\01_オンライン授業\at13b\gm31\05_3dmodel\x64\debug\mouse.obj
c:\users\toiwd\onedrive\ドキュメント\01_オンライン授業\at13b\gm31\05_3dmodel\x64\debug\result.obj
c:\users\toiwd\onedrive\ドキュメント\01_オンライン授業\at13b\gm31\05_3dmodel\x64\debug\scene.obj
c:\users\toiwd\onedrive\ドキュメント\01_オンライン授業\at13b\gm31\05_3dmodel\x64\debug\shadow.obj
c:\users\toiwd\onedrive\ドキュメント\01_オンライン授業\at13b\gm31\05_3dmodel\x64\debug\sprite.obj
c:\users\toiwd\onedrive\ドキュメント\01_オンライン授業\at13b\gm31\05_3dmodel\x64\debug\system_timer.obj
c:\users\toiwd\onedrive\ドキュメント\01_オンライン授業\at13b\gm31\05_3dmodel\x64\debug\title.obj
c:\users\toiwd\onedrive\ドキュメント\01_オンライン授業\at13b\gm31\05_3dmodel\x64\debug\vc141.idb
c:\users\toiwd\onedrive\ドキュメント\01_オンライン授業\at13b\gm31\05_3dmodel\x64\debug\vc141.pdb
c:\users\toiwd\onedrive\ドキュメント\01_オンライン授業\at13b\gm31\05_3dmodel\x64\debug\gamewindow.tlog\cl.command.1.tlog
c:\users\toiwd\onedrive\ドキュメント\01_オンライン授業\at13b\gm31\05_3dmodel\x64\debug\gamewindow.tlog\cl.read.1.tlog
c:\users\toiwd\onedrive\ドキュメント\01_オンライン授業\at13b\gm31\05_3dmodel\x64\debug\gamewindow.tlog\cl.write.1.tlog
c:\users\toiwd\onedrive\ドキュメント\01_オンライン授業\at13b\gm31\05_3dmodel\x64\debug\gamewindow.tlog\fxc.command.1.tlog
c:\users\toiwd\onedrive\ドキュメント\01_オンライン授業\at13b\gm31\05_3dmodel\x64\debug\gamewindow.tlog\fxc.read.1.tlog
