c:\users\toiwd\onedrive\ドキュメント\01_オンライン授業\at13b\gm31\14_master\release\vc141.pdb
c:\users\toiwd\onedrive\ドキュメント\01_オンライン授業\at13b\gm31\14_master\release\bullet.obj
c:\users\toiwd\onedrive\ドキュメント\01_オンライン授業\at13b\gm31\14_master\release\bombsplash.obj
c:\users\toiwd\onedrive\ドキュメント\01_オンライン授業\at13b\gm31\14_master\release\shotjudgment.obj
c:\users\toiwd\onedrive\ドキュメント\01_オンライン授業\at13b\gm31\14_master\release\resultlogo3d.obj
c:\users\toiwd\onedrive\ドキュメント\01_オンライン授業\at13b\gm31\14_master\release\inputbehavior.obj
c:\users\toiwd\onedrive\ドキュメント\01_オンライン授業\at13b\gm31\14_master\release\hpbar.obj
c:\users\toiwd\onedrive\ドキュメント\01_オンライン授業\at13b\gm31\14_master\release\enemysecondbullet.obj
c:\users\toiwd\onedrive\ドキュメント\01_オンライン授業\at13b\gm31\14_master\release\enemyhpbar.obj
c:\users\toiwd\onedrive\ドキュメント\01_オンライン授業\at13b\gm31\14_master\release\enemybombsplash.obj
c:\users\toiwd\onedrive\ドキュメント\01_オンライン授業\at13b\gm31\14_master\release\enemybomb.obj
c:\users\toiwd\onedrive\ドキュメント\01_オンライン授業\at13b\gm31\14_master\release\pathfinderaction.obj
c:\users\toiwd\onedrive\ドキュメント\01_オンライン授業\at13b\gm31\14_master\release\bombaction.obj
c:\users\toiwd\onedrive\ドキュメント\01_オンライン授業\at13b\gm31\14_master\release\bomb.obj
c:\users\toiwd\onedrive\ドキュメント\01_オンライン授業\at13b\gm31\14_master\release\block.obj
c:\users\toiwd\onedrive\ドキュメント\01_オンライン授業\at13b\gm31\14_master\release\behaviortree.obj
c:\users\toiwd\onedrive\ドキュメント\01_オンライン授業\at13b\gm31\14_master\release\behaviordata.obj
c:\users\toiwd\onedrive\ドキュメント\01_オンライン授業\at13b\gm31\14_master\release\audio.obj
c:\users\toiwd\onedrive\ドキュメント\01_オンライン授業\at13b\gm31\14_master\release\attackjudgment.obj
c:\users\toiwd\onedrive\ドキュメント\01_オンライン授業\at13b\gm31\14_master\release\astar.obj
c:\users\toiwd\onedrive\ドキュメント\01_オンライン授業\at13b\gm31\14_master\release\animationmodel.obj
c:\users\toiwd\onedrive\ドキュメント\01_オンライン授業\at13b\gm31\14_master\release\main.obj
c:\users\toiwd\onedrive\ドキュメント\01_オンライン授業\at13b\gm31\14_master\release\input.obj
c:\users\toiwd\onedrive\ドキュメント\01_オンライン授業\at13b\gm31\14_master\release\inkintank.obj
c:\users\toiwd\onedrive\ドキュメント\01_オンライン授業\at13b\gm31\14_master\release\ink.obj
c:\users\toiwd\onedrive\ドキュメント\01_オンライン授業\at13b\gm31\14_master\release\game.obj
c:\users\toiwd\onedrive\ドキュメント\01_オンライン授業\at13b\gm31\14_master\release\field.obj
c:\users\toiwd\onedrive\ドキュメント\01_オンライン授業\at13b\gm31\14_master\release\fade.obj
c:\users\toiwd\onedrive\ドキュメント\01_オンライン授業\at13b\gm31\14_master\release\explosion.obj
c:\users\toiwd\onedrive\ドキュメント\01_オンライン授業\at13b\gm31\14_master\release\enemyink.obj
c:\users\toiwd\onedrive\ドキュメント\01_オンライン授業\at13b\gm31\14_master\release\enemybullet.obj
c:\users\toiwd\onedrive\ドキュメント\01_オンライン授業\at13b\gm31\14_master\release\enemy.obj
c:\users\toiwd\onedrive\ドキュメント\01_オンライン授業\at13b\gm31\14_master\release\divejudgment.obj
c:\users\toiwd\onedrive\ドキュメント\01_オンライン授業\at13b\gm31\14_master\release\diveaction.obj
c:\users\toiwd\onedrive\ドキュメント\01_オンライン授業\at13b\gm31\14_master\release\crosshair.obj
c:\users\toiwd\onedrive\ドキュメント\01_オンライン授業\at13b\gm31\14_master\release\chasejudgment.obj
c:\users\toiwd\onedrive\ドキュメント\01_オンライン授業\at13b\gm31\14_master\release\walkchaseaction.obj
c:\users\toiwd\onedrive\ドキュメント\01_オンライン授業\at13b\gm31\14_master\release\walkjudgment.obj
c:\users\toiwd\onedrive\ドキュメント\01_オンライン授業\at13b\gm31\14_master\release\titlelogo3d.obj
c:\users\toiwd\onedrive\ドキュメント\01_オンライン授業\at13b\gm31\14_master\release\titlecamera.obj
c:\users\toiwd\onedrive\ドキュメント\01_オンライン授業\at13b\gm31\14_master\release\camera.obj
c:\users\toiwd\onedrive\ドキュメント\01_オンライン授業\at13b\gm31\14_master\release\titlelogo.obj
c:\users\toiwd\onedrive\ドキュメント\01_オンライン授業\at13b\gm31\14_master\release\title.obj
c:\users\toiwd\onedrive\ドキュメント\01_オンライン授業\at13b\gm31\14_master\release\tank.obj
c:\users\toiwd\onedrive\ドキュメント\01_オンライン授業\at13b\gm31\14_master\release\sky.obj
c:\users\toiwd\onedrive\ドキュメント\01_オンライン授業\at13b\gm31\14_master\release\secondbullet.obj
c:\users\toiwd\onedrive\ドキュメント\01_オンライン授業\at13b\gm31\14_master\release\resultlogo.obj
c:\users\toiwd\onedrive\ドキュメント\01_オンライン授業\at13b\gm31\14_master\release\result.obj
c:\users\toiwd\onedrive\ドキュメント\01_オンライン授業\at13b\gm31\14_master\release\renderer.obj
c:\users\toiwd\onedrive\ドキュメント\01_オンライン授業\at13b\gm31\14_master\release\polygon2d.obj
c:\users\toiwd\onedrive\ドキュメント\01_オンライン授業\at13b\gm31\14_master\release\player.obj
c:\users\toiwd\onedrive\ドキュメント\01_オンライン授業\at13b\gm31\14_master\release\shotaction.obj
c:\users\toiwd\onedrive\ドキュメント\01_オンライン授業\at13b\gm31\14_master\release\optionui.obj
c:\users\toiwd\onedrive\ドキュメント\01_オンライン授業\at13b\gm31\14_master\release\optionframe.obj
c:\users\toiwd\onedrive\ドキュメント\01_オンライン授業\at13b\gm31\14_master\release\optionbar.obj
c:\users\toiwd\onedrive\ドキュメント\01_オンライン授業\at13b\gm31\14_master\release\option.obj
c:\users\toiwd\onedrive\ドキュメント\01_オンライン授業\at13b\gm31\14_master\release\nodebase.obj
c:\users\toiwd\onedrive\ドキュメント\01_オンライン授業\at13b\gm31\14_master\release\mouse.obj
c:\users\toiwd\onedrive\ドキュメント\01_オンライン授業\at13b\gm31\14_master\release\model.obj
c:\users\toiwd\onedrive\ドキュメント\01_オンライン授業\at13b\gm31\14_master\release\meshfield.obj
c:\users\toiwd\onedrive\ドキュメント\01_オンライン授業\at13b\gm31\14_master\release\manager.obj
c:\users\toiwd\onedrive\ドキュメント\01_オンライン授業\at13b\gm31\14_master\release\wall.obj
c:\users\toiwd\onedrive\ドキュメント\01_オンライン授業\at13b\gm31\14_master\release\waitjudgment.obj
c:\users\toiwd\onedrive\ドキュメント\01_オンライン授業\at13b\gm31\14_master\release\waitaction.obj
c:\users\toiwd\onedrive\ドキュメント\01_オンライン授業\at13b\gm31\14_master\envmappingps.cso
c:\users\toiwd\onedrive\ドキュメント\01_オンライン授業\at13b\gm31\14_master\envmappingps2.cso
c:\users\toiwd\onedrive\ドキュメント\01_オンライン授業\at13b\gm31\14_master\envmappingvs.cso
c:\users\toiwd\onedrive\ドキュメント\01_オンライン授業\at13b\gm31\14_master\normalmappingps.cso
c:\users\toiwd\onedrive\ドキュメント\01_オンライン授業\at13b\gm31\14_master\normalmappingvs.cso
c:\users\toiwd\onedrive\ドキュメント\01_オンライン授業\at13b\gm31\14_master\pixellightingblinnps.cso
c:\users\toiwd\onedrive\ドキュメント\01_オンライン授業\at13b\gm31\14_master\pixellightingblinnvs.cso
c:\users\toiwd\onedrive\ドキュメント\01_オンライン授業\at13b\gm31\14_master\pixellightingps.cso
c:\users\toiwd\onedrive\ドキュメント\01_オンライン授業\at13b\gm31\14_master\pixellightingrimps.cso
c:\users\toiwd\onedrive\ドキュメント\01_オンライン授業\at13b\gm31\14_master\pixellightingrimvs.cso
c:\users\toiwd\onedrive\ドキュメント\01_オンライン授業\at13b\gm31\14_master\pixellightingvs.cso
c:\users\toiwd\onedrive\ドキュメント\01_オンライン授業\at13b\gm31\14_master\unlitcolorps.cso
c:\users\toiwd\onedrive\ドキュメント\01_オンライン授業\at13b\gm31\14_master\unlitcolorvs.cso
c:\users\toiwd\onedrive\ドキュメント\01_オンライン授業\at13b\gm31\14_master\unlittextureps.cso
c:\users\toiwd\onedrive\ドキュメント\01_オンライン授業\at13b\gm31\14_master\unlittexturevs.cso
c:\users\toiwd\onedrive\ドキュメント\01_オンライン授業\at13b\gm31\14_master\vertexlightingps.cso
c:\users\toiwd\onedrive\ドキュメント\01_オンライン授業\at13b\gm31\14_master\vertexlightingvs.cso
c:\users\toiwd\onedrive\ドキュメント\01_オンライン授業\at13b\gm31\14_master\release\gamewindow.ipdb
c:\users\toiwd\onedrive\ドキュメント\01_オンライン授業\at13b\gm31\14_master\release\gamewindow.iobj
c:\users\toiwd\onedrive\ドキュメント\01_オンライン授業\at13b\gm31\14_master\release\gamewindow.exe
c:\users\toiwd\onedrive\ドキュメント\01_オンライン授業\at13b\gm31\14_master\release\gamewindow.pdb
c:\users\toiwd\onedrive\ドキュメント\01_オンライン授業\at13b\gm31\14_master\release\gamewindow.tlog\cl.command.1.tlog
c:\users\toiwd\onedrive\ドキュメント\01_オンライン授業\at13b\gm31\14_master\release\gamewindow.tlog\cl.read.1.tlog
c:\users\toiwd\onedrive\ドキュメント\01_オンライン授業\at13b\gm31\14_master\release\gamewindow.tlog\cl.write.1.tlog
c:\users\toiwd\onedrive\ドキュメント\01_オンライン授業\at13b\gm31\14_master\release\gamewindow.tlog\fxc.command.1.tlog
c:\users\toiwd\onedrive\ドキュメント\01_オンライン授業\at13b\gm31\14_master\release\gamewindow.tlog\fxc.read.1.tlog
c:\users\toiwd\onedrive\ドキュメント\01_オンライン授業\at13b\gm31\14_master\release\gamewindow.tlog\fxc.write.1.tlog
c:\users\toiwd\onedrive\ドキュメント\01_オンライン授業\at13b\gm31\14_master\release\gamewindow.tlog\gamewindow.write.1u.tlog
c:\users\toiwd\onedrive\ドキュメント\01_オンライン授業\at13b\gm31\14_master\release\gamewindow.tlog\link.command.1.tlog
c:\users\toiwd\onedrive\ドキュメント\01_オンライン授業\at13b\gm31\14_master\release\gamewindow.tlog\link.read.1.tlog
c:\users\toiwd\onedrive\ドキュメント\01_オンライン授業\at13b\gm31\14_master\release\gamewindow.tlog\link.write.1.tlog
